# JRE version: OpenJDK Runtime Environment Temurin-21.0.10+7 (21.0.10+7) (build 21.0.10+7-LTS)
# Java VM: OpenJDK 64-Bit Server VM Temurin-21.0.10+7 (21.0.10+7-LTS, mixed mode, sharing, tiered, compressed oops, compressed class ptrs, parallel gc, windows-amd64)
GC Precious Log:
 CardTable entry size: 512
 CPUs: 8 total, 8 available
 Memory: 6030M
 Large Page Support: Disabled
 NUMA Support: Disabled
 Compressed Oops: Enabled (32-bit)
 Alignments: Space 512K, Generation 512K, Heap 2M
 Heap Min Capacity: 100M
 Heap Initial Capacity: 100M
 Heap Max Capacity: 2G
 Pre-touch: Disabled
 Parallel Workers: 8
Heap:
 PSYoungGen      total 8704K, used 3670K [0x00000000d5580000, 0x00000000d6080000, 0x0000000100000000)
  eden space 7680K, 34% used [0x00000000d5580000,0x00000000d58159c8,0x00000000d5d00000)
  from space 1024K, 100% used [0x00000000d5e80000,0x00000000d5f80000,0x00000000d5f80000)
  to   space 1536K, 0% used [0x00000000d5d00000,0x00000000d5d00000,0x00000000d5e80000)
 ParOldGen       total 111104K, used 110697K [0x0000000080000000, 0x0000000086c80000, 0x00000000d5580000)
  object space 111104K, 99% used [0x0000000080000000,0x0000000086c1a6c0,0x0000000086c80000)
 Metaspace       used 73191K, committed 74688K, reserved 1179648K
  class space    used 7653K, committed 8320K, reserved 1048576K
GC Heap History (20 events):
Event: 67499.976 GC heap before
{Heap before GC invocations=148 (full 3):
 PSYoungGen      total 9216K, used 8838K [0x00000000d5580000, 0x00000000d6200000, 0x0000000100000000)
  eden space 8192K, 99% used [0x00000000d5580000,0x00000000d5d7faf0,0x00000000d5d80000)
  from space 1024K, 63% used [0x00000000d6100000,0x00000000d61a1e00,0x00000000d6200000)
  to   space 1024K, 0% used [0x00000000d6000000,0x00000000d6000000,0x00000000d6100000)
 ParOldGen       total 102912K, used 102662K [0x0000000080000000, 0x0000000086480000, 0x00000000d5580000)
  object space 102912K, 99% used [0x0000000080000000,0x0000000086441830,0x0000000086480000)
 Metaspace       used 72101K, committed 73600K, reserved 1179648K
  class space    used 7618K, committed 8256K, reserved 1048576K
}
Event: 67499.984 GC heap after
{Heap after GC invocations=148 (full 3):
 PSYoungGen      total 9216K, used 919K [0x00000000d5580000, 0x00000000d6180000, 0x0000000100000000)
  eden space 8192K, 0% used [0x00000000d5580000,0x00000000d5580000,0x00000000d5d80000)
  from space 1024K, 89% used [0x00000000d6000000,0x00000000d60e5cd0,0x00000000d6100000)
  to   space 512K, 0% used [0x00000000d6100000,0x00000000d6100000,0x00000000d6180000)
 ParOldGen       total 103424K, used 103078K [0x0000000080000000, 0x0000000086500000, 0x00000000d5580000)
  object space 103424K, 99% used [0x0000000080000000,0x00000000864a98d8,0x0000000086500000)
 Metaspace       used 72101K, committed 73600K, reserved 1179648K
  class space    used 7618K, committed 8256K, reserved 1048576K
}
Event: 67500.595 GC heap before
{Heap before GC invocations=149 (full 3):
 PSYoungGen      total 9216K, used 9111K [0x00000000d5580000, 0x00000000d6180000, 0x0000000100000000)
  eden space 8192K, 100% used [0x00000000d5580000,0x00000000d5d80000,0x00000000d5d80000)
  from space 1024K, 89% used [0x00000000d6000000,0x00000000d60e5cd0,0x00000000d6100000)
  to   space 512K, 0% used [0x00000000d6100000,0x00000000d6100000,0x00000000d6180000)
 ParOldGen       total 103424K, used 103078K [0x0000000080000000, 0x0000000086500000, 0x00000000d5580000)
  object space 103424K, 99% used [0x0000000080000000,0x00000000864a98d8,0x0000000086500000)
 Metaspace       used 72274K, committed 73856K, reserved 1179648K
  class space    used 7632K, committed 8320K, reserved 1048576K
}
Event: 67500.598 GC heap after
{Heap after GC invocations=149 (full 3):
 PSYoungGen      total 8704K, used 492K [0x00000000d5580000, 0x00000000d6280000, 0x0000000100000000)
  eden space 8192K, 0% used [0x00000000d5580000,0x00000000d5580000,0x00000000d5d80000)
  from space 512K, 96% used [0x00000000d6100000,0x00000000d617b1e8,0x00000000d6180000)
  to   space 2560K, 0% used [0x00000000d5d80000,0x00000000d5d80000,0x00000000d6000000)
 ParOldGen       total 104960K, used 104569K [0x0000000080000000, 0x0000000086680000, 0x00000000d5580000)
  object space 104960K, 99% used [0x0000000080000000,0x000000008661e708,0x0000000086680000)
 Metaspace       used 72274K, committed 73856K, reserved 1179648K
  class space    used 7632K, committed 8320K, reserved 1048576K
}
Event: 67500.939 GC heap before
{Heap before GC invocations=150 (full 3):
 PSYoungGen      total 8704K, used 8479K [0x00000000d5580000, 0x00000000d6280000, 0x0000000100000000)
  eden space 8192K, 97% used [0x00000000d5580000,0x00000000d5d4cbf8,0x00000000d5d80000)
  from space 512K, 96% used [0x00000000d6100000,0x00000000d617b1e8,0x00000000d6180000)
  to   space 2560K, 0% used [0x00000000d5d80000,0x00000000d5d80000,0x00000000d6000000)
 ParOldGen       total 104960K, used 104569K [0x0000000080000000, 0x0000000086680000, 0x00000000d5580000)
  object space 104960K, 99% used [0x0000000080000000,0x000000008661e708,0x0000000086680000)
 Metaspace       used 72556K, committed 74112K, reserved 1179648K
  class space    used 7643K, committed 8320K, reserved 1048576K
}
Event: 67500.954 GC heap after
{Heap after GC invocations=150 (full 3):
 PSYoungGen      total 10240K, used 1637K [0x00000000d5580000, 0x00000000d6180000, 0x0000000100000000)
  eden space 8192K, 0% used [0x00000000d5580000,0x00000000d5580000,0x00000000d5d80000)
  from space 2048K, 79% used [0x00000000d5d80000,0x00000000d5f195d0,0x00000000d5f80000)
  to   space 2048K, 0% used [0x00000000d5f80000,0x00000000d5f80000,0x00000000d6180000)
 ParOldGen       total 105472K, used 105076K [0x0000000080000000, 0x0000000086700000, 0x00000000d5580000)
  object space 105472K, 99% used [0x0000000080000000,0x000000008669d248,0x0000000086700000)
 Metaspace       used 72556K, committed 74112K, reserved 1179648K
  class space    used 7643K, committed 8320K, reserved 1048576K
}
Event: 67501.087 GC heap before
{Heap before GC invocations=151 (full 3):
 PSYoungGen      total 10240K, used 9829K [0x00000000d5580000, 0x00000000d6180000, 0x0000000100000000)
  eden space 8192K, 100% used [0x00000000d5580000,0x00000000d5d80000,0x00000000d5d80000)
  from space 2048K, 79% used [0x00000000d5d80000,0x00000000d5f195d0,0x00000000d5f80000)
  to   space 2048K, 0% used [0x00000000d5f80000,0x00000000d5f80000,0x00000000d6180000)
 ParOldGen       total 105472K, used 105076K [0x0000000080000000, 0x0000000086700000, 0x00000000d5580000)
  object space 105472K, 99% used [0x0000000080000000,0x000000008669d248,0x0000000086700000)
 Metaspace       used 72633K, committed 74176K, reserved 1179648K
  class space    used 7645K, committed 8320K, reserved 1048576K
}
Event: 67501.092 GC heap after
{Heap after GC invocations=151 (full 3):
 PSYoungGen      total 9216K, used 1022K [0x00000000d5580000, 0x00000000d6080000, 0x0000000100000000)
  eden space 8192K, 0% used [0x00000000d5580000,0x00000000d5580000,0x00000000d5d80000)
  from space 1024K, 99% used [0x00000000d5f80000,0x00000000d607faa0,0x00000000d6080000)
  to   space 1536K, 0% used [0x00000000d5d80000,0x00000000d5d80000,0x00000000d5f00000)
 ParOldGen       total 107008K, used 106563K [0x0000000080000000, 0x0000000086880000, 0x00000000d5580000)
  object space 107008K, 99% used [0x0000000080000000,0x0000000086810dc8,0x0000000086880000)
 Metaspace       used 72633K, committed 74176K, reserved 1179648K
  class space    used 7645K, committed 8320K, reserved 1048576K
}
Event: 67501.280 GC heap before
{Heap before GC invocations=152 (full 3):
 PSYoungGen      total 9216K, used 9214K [0x00000000d5580000, 0x00000000d6080000, 0x0000000100000000)
  eden space 8192K, 99% used [0x00000000d5580000,0x00000000d5d7fff0,0x00000000d5d80000)
  from space 1024K, 99% used [0x00000000d5f80000,0x00000000d607faa0,0x00000000d6080000)
  to   space 1536K, 0% used [0x00000000d5d80000,0x00000000d5d80000,0x00000000d5f00000)
 ParOldGen       total 107008K, used 106563K [0x0000000080000000, 0x0000000086880000, 0x00000000d5580000)
  object space 107008K, 99% used [0x0000000080000000,0x0000000086810dc8,0x0000000086880000)
 Metaspace       used 72776K, committed 74304K, reserved 1179648K
  class space    used 7646K, committed 8320K, reserved 1048576K
}
Event: 67501.284 GC heap after
{Heap after GC invocations=152 (full 3):
 PSYoungGen      total 9728K, used 1371K [0x00000000d5580000, 0x00000000d6080000, 0x0000000100000000)
  eden space 8192K, 0% used [0x00000000d5580000,0x00000000d5580000,0x00000000d5d80000)
  from space 1536K, 89% used [0x00000000d5d80000,0x00000000d5ed6fd0,0x00000000d5f00000)
  to   space 1536K, 0% used [0x00000000d5f00000,0x00000000d5f00000,0x00000000d6080000)
 ParOldGen       total 107520K, used 107343K [0x0000000080000000, 0x0000000086900000, 0x00000000d5580000)
  object space 107520K, 99% used [0x0000000080000000,0x00000000868d3e98,0x0000000086900000)
 Metaspace       used 72776K, committed 74304K, reserved 1179648K
  class space    used 7646K, committed 8320K, reserved 1048576K
}
Event: 67501.369 GC heap before
{Heap before GC invocations=153 (full 3):
 PSYoungGen      total 9728K, used 9563K [0x00000000d5580000, 0x00000000d6080000, 0x0000000100000000)
  eden space 8192K, 100% used [0x00000000d5580000,0x00000000d5d80000,0x00000000d5d80000)
  from space 1536K, 89% used [0x00000000d5d80000,0x00000000d5ed6fd0,0x00000000d5f00000)
  to   space 1536K, 0% used [0x00000000d5f00000,0x00000000d5f00000,0x00000000d6080000)
 ParOldGen       total 107520K, used 107343K [0x0000000080000000, 0x0000000086900000, 0x00000000d5580000)
  object space 107520K, 99% used [0x0000000080000000,0x00000000868d3e98,0x0000000086900000)
 Metaspace       used 72824K, committed 74368K, reserved 1179648K
  class space    used 7646K, committed 8320K, reserved 1048576K
}
Event: 67501.374 GC heap after
{Heap after GC invocations=153 (full 3):
 PSYoungGen      total 9728K, used 992K [0x00000000d5580000, 0x00000000d6080000, 0x0000000100000000)
  eden space 8192K, 0% used [0x00000000d5580000,0x00000000d5580000,0x00000000d5d80000)
  from space 1536K, 64% used [0x00000000d5f00000,0x00000000d5ff8000,0x00000000d6080000)
  to   space 1536K, 0% used [0x00000000d5d80000,0x00000000d5d80000,0x00000000d5f00000)
 ParOldGen       total 109056K, used 108614K [0x0000000080000000, 0x0000000086a80000, 0x00000000d5580000)
  object space 109056K, 99% used [0x0000000080000000,0x0000000086a11bb8,0x0000000086a80000)
 Metaspace       used 72824K, committed 74368K, reserved 1179648K
  class space    used 7646K, committed 8320K, reserved 1048576K
}
Event: 67507.556 GC heap before
{Heap before GC invocations=154 (full 3):
 PSYoungGen      total 9728K, used 9184K [0x00000000d5580000, 0x00000000d6080000, 0x0000000100000000)
  eden space 8192K, 100% used [0x00000000d5580000,0x00000000d5d80000,0x00000000d5d80000)
  from space 1536K, 64% used [0x00000000d5f00000,0x00000000d5ff8000,0x00000000d6080000)
  to   space 1536K, 0% used [0x00000000d5d80000,0x00000000d5d80000,0x00000000d5f00000)
 ParOldGen       total 109056K, used 108614K [0x0000000080000000, 0x0000000086a80000, 0x00000000d5580000)
  object space 109056K, 99% used [0x0000000080000000,0x0000000086a11bb8,0x0000000086a80000)
 Metaspace       used 72972K, committed 74496K, reserved 1179648K
  class space    used 7651K, committed 8320K, reserved 1048576K
}
Event: 67507.559 GC heap after
{Heap after GC invocations=154 (full 3):
 PSYoungGen      total 9216K, used 919K [0x00000000d5580000, 0x00000000d5f80000, 0x0000000100000000)
  eden space 8192K, 0% used [0x00000000d5580000,0x00000000d5580000,0x00000000d5d80000)
  from space 1024K, 89% used [0x00000000d5d80000,0x00000000d5e65c38,0x00000000d5e80000)
  to   space 1024K, 0% used [0x00000000d5e80000,0x00000000d5e80000,0x00000000d5f80000)
 ParOldGen       total 109568K, used 109432K [0x0000000080000000, 0x0000000086b00000, 0x00000000d5580000)
  object space 109568K, 99% used [0x0000000080000000,0x0000000086ade178,0x0000000086b00000)
 Metaspace       used 72972K, committed 74496K, reserved 1179648K
  class space    used 7651K, committed 8320K, reserved 1048576K
}
Event: 70721.832 GC heap before
{Heap before GC invocations=155 (full 3):
 PSYoungGen      total 9216K, used 9111K [0x00000000d5580000, 0x00000000d5f80000, 0x0000000100000000)
  eden space 8192K, 100% used [0x00000000d5580000,0x00000000d5d80000,0x00000000d5d80000)
  from space 1024K, 89% used [0x00000000d5d80000,0x00000000d5e65c38,0x00000000d5e80000)
  to   space 1024K, 0% used [0x00000000d5e80000,0x00000000d5e80000,0x00000000d5f80000)
 ParOldGen       total 109568K, used 109432K [0x0000000080000000, 0x0000000086b00000, 0x00000000d5580000)
  object space 109568K, 99% used [0x0000000080000000,0x0000000086ade178,0x0000000086b00000)
 Metaspace       used 73074K, committed 74560K, reserved 1179648K
  class space    used 7653K, committed 8320K, reserved 1048576K
}
Event: 70722.084 GC heap after
{Heap after GC invocations=155 (full 3):
 PSYoungGen      total 9216K, used 948K [0x00000000d5580000, 0x00000000d5f80000, 0x0000000100000000)
  eden space 8192K, 0% used [0x00000000d5580000,0x00000000d5580000,0x00000000d5d80000)
  from space 1024K, 92% used [0x00000000d5e80000,0x00000000d5f6d260,0x00000000d5f80000)
  to   space 1024K, 0% used [0x00000000d5d80000,0x00000000d5d80000,0x00000000d5e80000)
 ParOldGen       total 110592K, used 110228K [0x0000000080000000, 0x0000000086c00000, 0x00000000d5580000)
  object space 110592K, 99% used [0x0000000080000000,0x0000000086ba5170,0x0000000086c00000)
 Metaspace       used 73074K, committed 74560K, reserved 1179648K
  class space    used 7653K, committed 8320K, reserved 1048576K
}
Event: 70723.077 GC heap before
{Heap before GC invocations=156 (full 3):
 PSYoungGen      total 9216K, used 9140K [0x00000000d5580000, 0x00000000d5f80000, 0x0000000100000000)
  eden space 8192K, 100% used [0x00000000d5580000,0x00000000d5d80000,0x00000000d5d80000)
  from space 1024K, 92% used [0x00000000d5e80000,0x00000000d5f6d260,0x00000000d5f80000)
  to   space 1024K, 0% used [0x00000000d5d80000,0x00000000d5d80000,0x00000000d5e80000)
 ParOldGen       total 110592K, used 110228K [0x0000000080000000, 0x0000000086c00000, 0x00000000d5580000)
  object space 110592K, 99% used [0x0000000080000000,0x0000000086ba5170,0x0000000086c00000)
 Metaspace       used 73150K, committed 74624K, reserved 1179648K
  class space    used 7653K, committed 8320K, reserved 1048576K
}
Event: 70723.080 GC heap after
{Heap after GC invocations=156 (full 3):
 PSYoungGen      total 9216K, used 266K [0x00000000d5580000, 0x00000000d5f80000, 0x0000000100000000)
  eden space 8192K, 0% used [0x00000000d5580000,0x00000000d5580000,0x00000000d5d80000)
  from space 1024K, 26% used [0x00000000d5d80000,0x00000000d5dc2910,0x00000000d5e80000)
  to   space 1024K, 0% used [0x00000000d5e80000,0x00000000d5e80000,0x00000000d5f80000)
 ParOldGen       total 110592K, used 110513K [0x0000000080000000, 0x0000000086c00000, 0x00000000d5580000)
  object space 110592K, 99% used [0x0000000080000000,0x0000000086bec460,0x0000000086c00000)
 Metaspace       used 73150K, committed 74624K, reserved 1179648K
  class space    used 7653K, committed 8320K, reserved 1048576K
}
Event: 70723.132 GC heap before
{Heap before GC invocations=157 (full 3):
 PSYoungGen      total 9216K, used 8458K [0x00000000d5580000, 0x00000000d5f80000, 0x0000000100000000)
  eden space 8192K, 100% used [0x00000000d5580000,0x00000000d5d80000,0x00000000d5d80000)
  from space 1024K, 26% used [0x00000000d5d80000,0x00000000d5dc2910,0x00000000d5e80000)
  to   space 1024K, 0% used [0x00000000d5e80000,0x00000000d5e80000,0x00000000d5f80000)
 ParOldGen       total 110592K, used 110513K [0x0000000080000000, 0x0000000086c00000, 0x00000000d5580000)
  object space 110592K, 99% used [0x0000000080000000,0x0000000086bec460,0x0000000086c00000)
 Metaspace       used 73170K, committed 74688K, reserved 1179648K
  class space    used 7653K, committed 8320K, reserved 1048576K
}
Event: 70723.136 GC heap after
{Heap after GC invocations=157 (full 3):
 PSYoungGen      total 8704K, used 1024K [0x00000000d5580000, 0x00000000d6080000, 0x0000000100000000)
  eden space 7680K, 0% used [0x00000000d5580000,0x00000000d5580000,0x00000000d5d00000)
  from space 1024K, 100% used [0x00000000d5e80000,0x00000000d5f80000,0x00000000d5f80000)
  to   space 1536K, 0% used [0x00000000d5d00000,0x00000000d5d00000,0x00000000d5e80000)
 ParOldGen       total 111104K, used 110697K [0x0000000080000000, 0x0000000086c80000, 0x00000000d5580000)
  object space 111104K, 99% used [0x0000000080000000,0x0000000086c1a6c0,0x0000000086c80000)
 Metaspace       used 73170K, committed 74688K, reserved 1179648K
  class space    used 7653K, committed 8320K, reserved 1048576K
}

